[20-Jun-2025 09:52:05 UTC] {
    "timestamp": "2025-06-20T09:52:05+00:00",
    "message": "Call to undefined method App\\middleware\\CSRFMiddleware::generateToken()",
    "exception": "Error",
    "file": "C:\\xampp\\htdocs\\web\\admin\\src\\auth\\Login.php",
    "line": 12,
    "trace": "#0 [internal function]: App\\auth\\Login->showForm()\n#1 C:\\xampp\\htdocs\\web\\admin\\src\\config\\Routes.php(100): call_user_func_array(Array, Array)\n#2 C:\\xampp\\htdocs\\web\\admin\\src\\config\\Routes.php(74): App\\config\\Routes->executeHandler(Array, Array)\n#3 C:\\xampp\\htdocs\\web\\admin\\public\\index.php(83): App\\config\\Routes->dispatch('\/login', 'GET')\n#4 {main}",
    "request": {
        "method": "GET",
        "uri": "\/web\/admin\/public\/login",
        "ip": "192.168.0.107"
    }
}
[21-Jun-2025 04:46:11 UTC] {
    "timestamp": "2025-06-21T04:46:11+00:00",
    "message": "Call to undefined method App\\middleware\\CSRFMiddleware::generateToken()",
    "exception": "Error",
    "file": "C:\\xampp\\htdocs\\web\\admin\\src\\auth\\Login.php",
    "line": 12,
    "trace": "#0 [internal function]: App\\auth\\Login->showForm()\n#1 C:\\xampp\\htdocs\\web\\admin\\src\\config\\Routes.php(100): call_user_func_array(Array, Array)\n#2 C:\\xampp\\htdocs\\web\\admin\\src\\config\\Routes.php(74): App\\config\\Routes->executeHandler(Array, Array)\n#3 C:\\xampp\\htdocs\\web\\admin\\public\\index.php(83): App\\config\\Routes->dispatch('\/login', 'GET')\n#4 {main}",
    "request": {
        "method": "GET",
        "uri": "\/web\/admin\/public\/login",
        "ip": "192.168.0.108"
    }
}
[21-Jun-2025 04:47:55 UTC] {
    "timestamp": "2025-06-21T04:47:55+00:00",
    "message": "Call to undefined method App\\middleware\\CSRFMiddleware::generateToken()",
    "exception": "Error",
    "file": "C:\\xampp\\htdocs\\web\\admin\\src\\auth\\Login.php",
    "line": 12,
    "trace": "#0 [internal function]: App\\auth\\Login->showForm()\n#1 C:\\xampp\\htdocs\\web\\admin\\src\\config\\Routes.php(100): call_user_func_array(Array, Array)\n#2 C:\\xampp\\htdocs\\web\\admin\\src\\config\\Routes.php(74): App\\config\\Routes->executeHandler(Array, Array)\n#3 C:\\xampp\\htdocs\\web\\admin\\public\\index.php(83): App\\config\\Routes->dispatch('\/login', 'GET')\n#4 {main}",
    "request": {
        "method": "GET",
        "uri": "\/web\/admin\/public\/login",
        "ip": "192.168.0.108"
    }
}
[21-Jun-2025 05:38:51 UTC] {
    "timestamp": "2025-06-21T05:38:51+00:00",
    "message": "Call to undefined method App\\middleware\\CSRFMiddleware::generateToken()",
    "exception": "Error",
    "file": "C:\\xampp\\htdocs\\web\\admin\\src\\auth\\Login.php",
    "line": 12,
    "trace": "#0 C:\\xampp\\htdocs\\web\\admin\\src\\controllers\\Login.php(11): App\\auth\\Login->showForm()\n#1 [internal function]: App\\controllers\\Login->showForm()\n#2 C:\\xampp\\htdocs\\web\\admin\\src\\config\\Routes.php(100): call_user_func_array(Array, Array)\n#3 C:\\xampp\\htdocs\\web\\admin\\src\\config\\Routes.php(74): App\\config\\Routes->executeHandler(Array, Array)\n#4 C:\\xampp\\htdocs\\web\\admin\\public\\index.php(83): App\\config\\Routes->dispatch('\/login', 'GET')\n#5 {main}",
    "request": {
        "method": "GET",
        "uri": "\/web\/admin\/public\/login",
        "ip": "192.168.0.108"
    }
}
[21-Jun-2025 05:40:51 UTC] {
    "timestamp": "2025-06-21T05:40:51+00:00",
    "message": "Call to undefined method App\\middleware\\CSRFMiddleware::generateToken()",
    "exception": "Error",
    "file": "C:\\xampp\\htdocs\\web\\admin\\src\\auth\\Login.php",
    "line": 12,
    "trace": "#0 C:\\xampp\\htdocs\\web\\admin\\src\\controllers\\Login.php(11): App\\auth\\Login->showForm()\n#1 [internal function]: App\\controllers\\Login->showForm()\n#2 C:\\xampp\\htdocs\\web\\admin\\src\\config\\Routes.php(100): call_user_func_array(Array, Array)\n#3 C:\\xampp\\htdocs\\web\\admin\\src\\config\\Routes.php(74): App\\config\\Routes->executeHandler(Array, Array)\n#4 C:\\xampp\\htdocs\\web\\admin\\public\\index.php(88): App\\config\\Routes->dispatch('\/login', 'GET')\n#5 {main}",
    "request": {
        "method": "GET",
        "uri": "\/web\/admin\/public\/login",
        "ip": "192.168.0.108"
    }
}
[21-Jun-2025 05:40:52 UTC] {
    "timestamp": "2025-06-21T05:40:52+00:00",
    "message": "Call to undefined method App\\middleware\\CSRFMiddleware::generateToken()",
    "exception": "Error",
    "file": "C:\\xampp\\htdocs\\web\\admin\\src\\auth\\Login.php",
    "line": 12,
    "trace": "#0 C:\\xampp\\htdocs\\web\\admin\\src\\controllers\\Login.php(11): App\\auth\\Login->showForm()\n#1 [internal function]: App\\controllers\\Login->showForm()\n#2 C:\\xampp\\htdocs\\web\\admin\\src\\config\\Routes.php(100): call_user_func_array(Array, Array)\n#3 C:\\xampp\\htdocs\\web\\admin\\src\\config\\Routes.php(74): App\\config\\Routes->executeHandler(Array, Array)\n#4 C:\\xampp\\htdocs\\web\\admin\\public\\index.php(88): App\\config\\Routes->dispatch('\/login', 'GET')\n#5 {main}",
    "request": {
        "method": "GET",
        "uri": "\/web\/admin\/public\/login",
        "ip": "192.168.0.108"
    }
}
[21-Jun-2025 05:40:52 UTC] {
    "timestamp": "2025-06-21T05:40:52+00:00",
    "message": "Call to undefined method App\\middleware\\CSRFMiddleware::generateToken()",
    "exception": "Error",
    "file": "C:\\xampp\\htdocs\\web\\admin\\src\\auth\\Login.php",
    "line": 12,
    "trace": "#0 C:\\xampp\\htdocs\\web\\admin\\src\\controllers\\Login.php(11): App\\auth\\Login->showForm()\n#1 [internal function]: App\\controllers\\Login->showForm()\n#2 C:\\xampp\\htdocs\\web\\admin\\src\\config\\Routes.php(100): call_user_func_array(Array, Array)\n#3 C:\\xampp\\htdocs\\web\\admin\\src\\config\\Routes.php(74): App\\config\\Routes->executeHandler(Array, Array)\n#4 C:\\xampp\\htdocs\\web\\admin\\public\\index.php(88): App\\config\\Routes->dispatch('\/login', 'GET')\n#5 {main}",
    "request": {
        "method": "GET",
        "uri": "\/web\/admin\/public\/login",
        "ip": "192.168.0.108"
    }
}
