/web/admin/public/index.php
/web/admin/public/
/web/admin/public/
/web/admin/public/
/
/login
/
/
/login
/login
/
/web/admin/src/auth/login
/
/web/admin/src/auth/login.php
/
/web/admin/src/auth/login.php
/web/admin/src/auth/login.php
/
/web/admin/src/auth/Login.php
/
/web/admin/src/auth/Login.php
/web/admin/src/auth/Login.php
/
/web/admin/src/auth/Login.php
/web/admin/src/auth/Login.php
/web/admin/src/dashboard
/web/admin/src/dashboard/index.php
/web/admin/src/views/dashboard/index.php
/
/web/admin/src/auth/Login.php
/web/admin/src/auth/Login.php
/web/admin/src/auth/Login.php
/web/admin/src/auth/Login.php
/web/admin/src/auth/Login.php
/web/admin/src/auth/Login.php
/web/admin/src/auth/Login.php
/web/admin/src/auth/Login.php
/web/admin/src/auth/Login.php
/
/web/admin/src/auth/Login.php
/web/admin/src/auth/Login.php
/web/admin/src/auth/Login.php
/web/admin/src/auth/Login.php
/login
/login
/login
/login
/
/web/admin/src/auth/Login.php
/
/web/admin/src/auth/Login.php
